\BOOKMARK [0][-]{chapter.1}{\376\377\0001\000\040\000C\000l\000a\000s\000s\000\040\000I\000n\000d\000e\000x}{}% 1
\BOOKMARK [1][-]{section.1.1}{\376\377\0001\000.\0001\000\040\000C\000l\000a\000s\000s\000\040\000L\000i\000s\000t}{chapter.1}% 2
\BOOKMARK [0][-]{chapter.2}{\376\377\0002\000\040\000F\000i\000l\000e\000\040\000I\000n\000d\000e\000x}{}% 3
\BOOKMARK [1][-]{section.2.1}{\376\377\0002\000.\0001\000\040\000F\000i\000l\000e\000\040\000L\000i\000s\000t}{chapter.2}% 4
\BOOKMARK [0][-]{chapter.3}{\376\377\0003\000\040\000C\000l\000a\000s\000s\000\040\000D\000o\000c\000u\000m\000e\000n\000t\000a\000t\000i\000o\000n}{}% 5
\BOOKMARK [1][-]{section.3.1}{\376\377\0003\000.\0001\000\040\000C\000o\000l\000o\000r\000\040\000S\000t\000r\000u\000c\000t\000\040\000R\000e\000f\000e\000r\000e\000n\000c\000e}{chapter.3}% 6
\BOOKMARK [2][-]{subsection.3.1.1}{\376\377\0003\000.\0001\000.\0001\000\040\000M\000e\000m\000b\000e\000r\000\040\000D\000a\000t\000a\000\040\000D\000o\000c\000u\000m\000e\000n\000t\000a\000t\000i\000o\000n}{section.3.1}% 7
\BOOKMARK [3][-]{subsubsection.3.1.1.1}{\376\377\0003\000.\0001\000.\0001\000.\0001\000\040\000b\000l\000u\000e}{subsection.3.1.1}% 8
\BOOKMARK [3][-]{subsubsection.3.1.1.2}{\376\377\0003\000.\0001\000.\0001\000.\0002\000\040\000g\000r\000e\000e\000n}{subsection.3.1.1}% 9
\BOOKMARK [3][-]{subsubsection.3.1.1.3}{\376\377\0003\000.\0001\000.\0001\000.\0003\000\040\000i\000n\000d\000i\000c\000e}{subsection.3.1.1}% 10
\BOOKMARK [3][-]{subsubsection.3.1.1.4}{\376\377\0003\000.\0001\000.\0001\000.\0004\000\040\000n\000o\000m}{subsection.3.1.1}% 11
\BOOKMARK [3][-]{subsubsection.3.1.1.5}{\376\377\0003\000.\0001\000.\0001\000.\0005\000\040\000r\000e\000d}{subsection.3.1.1}% 12
\BOOKMARK [1][-]{section.3.2}{\376\377\0003\000.\0002\000\040\000C\000u\000r\000v\000e\000C\000h\000a\000r\000t\000P\000a\000r\000a\000m\000s\000\040\000S\000t\000r\000u\000c\000t\000\040\000R\000e\000f\000e\000r\000e\000n\000c\000e}{chapter.3}% 13
\BOOKMARK [2][-]{subsection.3.2.1}{\376\377\0003\000.\0002\000.\0001\000\040\000M\000e\000m\000b\000e\000r\000\040\000D\000a\000t\000a\000\040\000D\000o\000c\000u\000m\000e\000n\000t\000a\000t\000i\000o\000n}{section.3.2}% 14
\BOOKMARK [3][-]{subsubsection.3.2.1.1}{\376\377\0003\000.\0002\000.\0001\000.\0001\000\040\000c\000o\000l\000o\000r\000I\000n\000d\000e\000x}{subsection.3.2.1}% 15
\BOOKMARK [3][-]{subsubsection.3.2.1.2}{\376\377\0003\000.\0002\000.\0001\000.\0002\000\040\000d\000a\000t\000a\000S\000e\000t\000s}{subsection.3.2.1}% 16
\BOOKMARK [3][-]{subsubsection.3.2.1.3}{\376\377\0003\000.\0002\000.\0001\000.\0003\000\040\000d\000e\000s\000c\000r\000i\000p\000t\000i\000o\000n}{subsection.3.2.1}% 17
\BOOKMARK [3][-]{subsubsection.3.2.1.4}{\376\377\0003\000.\0002\000.\0001\000.\0004\000\040\000g\000l\000o\000b\000a\000l\000M\000a\000x}{subsection.3.2.1}% 18
\BOOKMARK [3][-]{subsubsection.3.2.1.5}{\376\377\0003\000.\0002\000.\0001\000.\0005\000\040\000g\000l\000o\000b\000a\000l\000M\000i\000n}{subsection.3.2.1}% 19
\BOOKMARK [3][-]{subsubsection.3.2.1.6}{\376\377\0003\000.\0002\000.\0001\000.\0006\000\040\000l\000e\000g\000e\000n\000d\000W\000i\000d\000t\000h}{subsection.3.2.1}% 20
\BOOKMARK [3][-]{subsubsection.3.2.1.7}{\376\377\0003\000.\0002\000.\0001\000.\0007\000\040\000m\000a\000r\000g\000i\000n\000B\000o\000t\000t\000o\000m}{subsection.3.2.1}% 21
\BOOKMARK [3][-]{subsubsection.3.2.1.8}{\376\377\0003\000.\0002\000.\0001\000.\0008\000\040\000m\000a\000r\000g\000i\000n\000L\000e\000f\000t}{subsection.3.2.1}% 22
\BOOKMARK [3][-]{subsubsection.3.2.1.9}{\376\377\0003\000.\0002\000.\0001\000.\0009\000\040\000n\000b\000M\000e\000a\000s\000u\000r\000e\000s}{subsection.3.2.1}% 23
\BOOKMARK [3][-]{subsubsection.3.2.1.10}{\376\377\0003\000.\0002\000.\0001\000.\0001\0000\000\040\000t\000i\000t\000l\000e}{subsection.3.2.1}% 24
\BOOKMARK [3][-]{subsubsection.3.2.1.11}{\376\377\0003\000.\0002\000.\0001\000.\0001\0001\000\040\000t\000i\000t\000l\000e\000H\000e\000i\000g\000h\000t}{subsection.3.2.1}% 25
\BOOKMARK [1][-]{section.3.3}{\376\377\0003\000.\0003\000\040\000D\000a\000t\000a\000E\000l\000e\000m\000e\000n\000t\000\040\000S\000t\000r\000u\000c\000t\000\040\000R\000e\000f\000e\000r\000e\000n\000c\000e}{chapter.3}% 26
\BOOKMARK [2][-]{subsection.3.3.1}{\376\377\0003\000.\0003\000.\0001\000\040\000M\000e\000m\000b\000e\000r\000\040\000D\000a\000t\000a\000\040\000D\000o\000c\000u\000m\000e\000n\000t\000a\000t\000i\000o\000n}{section.3.3}% 27
\BOOKMARK [3][-]{subsubsection.3.3.1.1}{\376\377\0003\000.\0003\000.\0001\000.\0001\000\040\000a\000b\000s\000c\000i\000s\000s\000e}{subsection.3.3.1}% 28
\BOOKMARK [3][-]{subsubsection.3.3.1.2}{\376\377\0003\000.\0003\000.\0001\000.\0002\000\040\000l\000a\000b\000e\000l}{subsection.3.3.1}% 29
\BOOKMARK [3][-]{subsubsection.3.3.1.3}{\376\377\0003\000.\0003\000.\0001\000.\0003\000\040\000v\000a\000l\000u\000e}{subsection.3.3.1}% 30
\BOOKMARK [1][-]{section.3.4}{\376\377\0003\000.\0004\000\040\000d\000a\000t\000a\000S\000e\000t\000\040\000S\000t\000r\000u\000c\000t\000\040\000R\000e\000f\000e\000r\000e\000n\000c\000e}{chapter.3}% 31
\BOOKMARK [2][-]{subsection.3.4.1}{\376\377\0003\000.\0004\000.\0001\000\040\000M\000e\000m\000b\000e\000r\000\040\000D\000a\000t\000a\000\040\000D\000o\000c\000u\000m\000e\000n\000t\000a\000t\000i\000o\000n}{section.3.4}% 32
\BOOKMARK [3][-]{subsubsection.3.4.1.1}{\376\377\0003\000.\0004\000.\0001\000.\0001\000\040\000c\000o\000l\000o\000r\000I\000n\000d\000e\000x}{subsection.3.4.1}% 33
\BOOKMARK [3][-]{subsubsection.3.4.1.2}{\376\377\0003\000.\0004\000.\0001\000.\0002\000\040\000d\000a\000t\000a\000E\000l\000e\000m\000e\000n\000t\000s}{subsection.3.4.1}% 34
\BOOKMARK [3][-]{subsubsection.3.4.1.3}{\376\377\0003\000.\0004\000.\0001\000.\0003\000\040\000l\000e\000g\000e\000n\000d}{subsection.3.4.1}% 35
\BOOKMARK [1][-]{section.3.5}{\376\377\0003\000.\0005\000\040\000m\000e\000m\000o\000r\000y\000\040\000S\000t\000r\000u\000c\000t\000\040\000R\000e\000f\000e\000r\000e\000n\000c\000e}{chapter.3}% 36
\BOOKMARK [2][-]{subsection.3.5.1}{\376\377\0003\000.\0005\000.\0001\000\040\000M\000e\000m\000b\000e\000r\000\040\000D\000a\000t\000a\000\040\000D\000o\000c\000u\000m\000e\000n\000t\000a\000t\000i\000o\000n}{section.3.5}% 37
\BOOKMARK [3][-]{subsubsection.3.5.1.1}{\376\377\0003\000.\0005\000.\0001\000.\0001\000\040\000r\000e\000s\000p\000o\000n\000s\000e}{subsection.3.5.1}% 38
\BOOKMARK [3][-]{subsubsection.3.5.1.2}{\376\377\0003\000.\0005\000.\0001\000.\0002\000\040\000s\000i\000z\000e}{subsection.3.5.1}% 39
\BOOKMARK [1][-]{section.3.6}{\376\377\0003\000.\0006\000\040\000m\000y\000C\000u\000r\000l\000\040\000C\000l\000a\000s\000s\000\040\000R\000e\000f\000e\000r\000e\000n\000c\000e}{chapter.3}% 40
\BOOKMARK [2][-]{subsection.3.6.1}{\376\377\0003\000.\0006\000.\0001\000\040\000D\000e\000t\000a\000i\000l\000e\000d\000\040\000D\000e\000s\000c\000r\000i\000p\000t\000i\000o\000n}{section.3.6}% 41
\BOOKMARK [2][-]{subsection.3.6.2}{\376\377\0003\000.\0006\000.\0002\000\040\000C\000o\000n\000s\000t\000r\000u\000c\000t\000o\000r\000\040\000\046\000\040\000D\000e\000s\000t\000r\000u\000c\000t\000o\000r\000\040\000D\000o\000c\000u\000m\000e\000n\000t\000a\000t\000i\000o\000n}{section.3.6}% 42
\BOOKMARK [3][-]{subsubsection.3.6.2.1}{\376\377\0003\000.\0006\000.\0002\000.\0001\000\040\000m\000y\000C\000u\000r\000l\000\050\000\051}{subsection.3.6.2}% 43
\BOOKMARK [2][-]{subsection.3.6.3}{\376\377\0003\000.\0006\000.\0003\000\040\000M\000e\000m\000b\000e\000r\000\040\000F\000u\000n\000c\000t\000i\000o\000n\000\040\000D\000o\000c\000u\000m\000e\000n\000t\000a\000t\000i\000o\000n}{section.3.6}% 44
\BOOKMARK [3][-]{subsubsection.3.6.3.1}{\376\377\0003\000.\0006\000.\0003\000.\0001\000\040\000e\000x\000e\000c\000\050\000\051}{subsection.3.6.3}% 45
\BOOKMARK [3][-]{subsubsection.3.6.3.2}{\376\377\0003\000.\0006\000.\0003\000.\0002\000\040\000g\000e\000t\000D\000a\000t\000a\000\050\000\051}{subsection.3.6.3}% 46
\BOOKMARK [3][-]{subsubsection.3.6.3.3}{\376\377\0003\000.\0006\000.\0003\000.\0003\000\040\000m\000e\000m\000\137\000c\000b\000\050\000\051}{subsection.3.6.3}% 47
\BOOKMARK [2][-]{subsection.3.6.4}{\376\377\0003\000.\0006\000.\0004\000\040\000M\000e\000m\000b\000e\000r\000\040\000D\000a\000t\000a\000\040\000D\000o\000c\000u\000m\000e\000n\000t\000a\000t\000i\000o\000n}{section.3.6}% 48
\BOOKMARK [3][-]{subsubsection.3.6.4.1}{\376\377\0003\000.\0006\000.\0004\000.\0001\000\040\000h\000n\000d}{subsection.3.6.4}% 49
\BOOKMARK [1][-]{section.3.7}{\376\377\0003\000.\0007\000\040\000m\000y\000G\000r\000a\000p\000h\000i\000c\000s\000\040\000C\000l\000a\000s\000s\000\040\000R\000e\000f\000e\000r\000e\000n\000c\000e}{chapter.3}% 50
\BOOKMARK [2][-]{subsection.3.7.1}{\376\377\0003\000.\0007\000.\0001\000\040\000D\000e\000t\000a\000i\000l\000e\000d\000\040\000D\000e\000s\000c\000r\000i\000p\000t\000i\000o\000n}{section.3.7}% 51
\BOOKMARK [2][-]{subsection.3.7.2}{\376\377\0003\000.\0007\000.\0002\000\040\000C\000o\000n\000s\000t\000r\000u\000c\000t\000o\000r\000\040\000\046\000\040\000D\000e\000s\000t\000r\000u\000c\000t\000o\000r\000\040\000D\000o\000c\000u\000m\000e\000n\000t\000a\000t\000i\000o\000n}{section.3.7}% 52
\BOOKMARK [3][-]{subsubsection.3.7.2.1}{\376\377\0003\000.\0007\000.\0002\000.\0001\000\040\000m\000y\000G\000r\000a\000p\000h\000i\000c\000s\000\050\000\051}{subsection.3.7.2}% 53
\BOOKMARK [3][-]{subsubsection.3.7.2.2}{\376\377\0003\000.\0007\000.\0002\000.\0002\000\040\000\040\000m\000y\000G\000r\000a\000p\000h\000i\000c\000s\000\050\000\051}{subsection.3.7.2}% 54
\BOOKMARK [2][-]{subsection.3.7.3}{\376\377\0003\000.\0007\000.\0003\000\040\000M\000e\000m\000b\000e\000r\000\040\000F\000u\000n\000c\000t\000i\000o\000n\000\040\000D\000o\000c\000u\000m\000e\000n\000t\000a\000t\000i\000o\000n}{section.3.7}% 55
\BOOKMARK [3][-]{subsubsection.3.7.3.1}{\376\377\0003\000.\0007\000.\0003\000.\0001\000\040\000a\000p\000p\000e\000n\000d\000D\000a\000t\000a\000V\000e\000c\000t\000o\000r\000\050\000\051}{subsection.3.7.3}% 56
\BOOKMARK [3][-]{subsubsection.3.7.3.2}{\376\377\0003\000.\0007\000.\0003\000.\0002\000\040\000c\000a\000l\000c\000R\000a\000t\000i\000o\000P\000o\000u\000r\000c\000e\000n\000t\000\050\000\051}{subsection.3.7.3}% 57
\BOOKMARK [3][-]{subsubsection.3.7.3.3}{\376\377\0003\000.\0007\000.\0003\000.\0003\000\040\000c\000r\000e\000a\000t\000e\000C\000o\000l\000o\000r\000\050\000\051}{subsection.3.7.3}% 58
\BOOKMARK [3][-]{subsubsection.3.7.3.4}{\376\377\0003\000.\0007\000.\0003\000.\0004\000\040\000c\000u\000r\000v\000e\000C\000h\000a\000r\000t\000\050\000\051}{subsection.3.7.3}% 59
\BOOKMARK [3][-]{subsubsection.3.7.3.5}{\376\377\0003\000.\0007\000.\0003\000.\0005\000\040\000c\000u\000r\000v\000e\000C\000h\000a\000r\000t\000A\000d\000d\000C\000u\000r\000v\000e\000s\000\050\000\051}{subsection.3.7.3}% 60
\BOOKMARK [3][-]{subsubsection.3.7.3.6}{\376\377\0003\000.\0007\000.\0003\000.\0006\000\040\000c\000u\000r\000v\000e\000C\000h\000a\000r\000t\000I\000n\000i\000t\000\050\000\051}{subsection.3.7.3}% 61
\BOOKMARK [3][-]{subsubsection.3.7.3.7}{\376\377\0003\000.\0007\000.\0003\000.\0007\000\040\000c\000u\000r\000v\000e\000C\000h\000a\000r\000t\000S\000e\000t\000L\000e\000g\000e\000n\000d\000\050\000\051}{subsection.3.7.3}% 62
\BOOKMARK [3][-]{subsubsection.3.7.3.8}{\376\377\0003\000.\0007\000.\0003\000.\0008\000\040\000g\000e\000t\000D\000a\000t\000a\000V\000e\000c\000t\000o\000r\000M\000a\000x\000V\000a\000l\000u\000e\000\050\000\051}{subsection.3.7.3}% 63
\BOOKMARK [3][-]{subsubsection.3.7.3.9}{\376\377\0003\000.\0007\000.\0003\000.\0009\000\040\000g\000e\000t\000D\000a\000t\000a\000V\000e\000c\000t\000o\000r\000M\000i\000n\000V\000a\000l\000u\000e\000\050\000\051}{subsection.3.7.3}% 64
\BOOKMARK [3][-]{subsubsection.3.7.3.10}{\376\377\0003\000.\0007\000.\0003\000.\0001\0000\000\040\000i\000n\000i\000t\000F\000o\000n\000t\000s\000\050\000\051}{subsection.3.7.3}% 65
\BOOKMARK [3][-]{subsubsection.3.7.3.11}{\376\377\0003\000.\0007\000.\0003\000.\0001\0001\000\040\000i\000n\000i\000t\000P\000a\000l\000e\000t\000t\000e\000\050\000\051}{subsection.3.7.3}% 66
\BOOKMARK [3][-]{subsubsection.3.7.3.12}{\376\377\0003\000.\0007\000.\0003\000.\0001\0002\000\040\000p\000i\000e\000C\000h\000a\000r\000t\000\050\000\051}{subsection.3.7.3}% 67
\BOOKMARK [3][-]{subsubsection.3.7.3.13}{\376\377\0003\000.\0007\000.\0003\000.\0001\0003\000\040\000p\000i\000e\000C\000h\000a\000r\000t\000D\000r\000a\000w\000\050\000\051}{subsection.3.7.3}% 68
\BOOKMARK [3][-]{subsubsection.3.7.3.14}{\376\377\0003\000.\0007\000.\0003\000.\0001\0004\000\040\000p\000i\000e\000C\000h\000a\000r\000t\000I\000n\000i\000t\000\050\000\051}{subsection.3.7.3}% 69
\BOOKMARK [3][-]{subsubsection.3.7.3.15}{\376\377\0003\000.\0007\000.\0003\000.\0001\0005\000\040\000s\000e\000t\000V\000e\000c\000t\000o\000r\000\050\000\051}{subsection.3.7.3}% 70
\BOOKMARK [2][-]{subsection.3.7.4}{\376\377\0003\000.\0007\000.\0004\000\040\000M\000e\000m\000b\000e\000r\000\040\000D\000a\000t\000a\000\040\000D\000o\000c\000u\000m\000e\000n\000t\000a\000t\000i\000o\000n}{section.3.7}% 71
\BOOKMARK [3][-]{subsubsection.3.7.4.1}{\376\377\0003\000.\0007\000.\0004\000.\0001\000\040\000f\000i\000c\000O\000u\000t}{subsection.3.7.4}% 72
\BOOKMARK [3][-]{subsubsection.3.7.4.2}{\376\377\0003\000.\0007\000.\0004\000.\0002\000\040\000f\000o\000n\000t\000s}{subsection.3.7.4}% 73
\BOOKMARK [3][-]{subsubsection.3.7.4.3}{\376\377\0003\000.\0007\000.\0004\000.\0003\000\040\000g\000d\000C\000o\000l\000o\000r\000s}{subsection.3.7.4}% 74
\BOOKMARK [3][-]{subsubsection.3.7.4.4}{\376\377\0003\000.\0007\000.\0004\000.\0004\000\040\000i\000m}{subsection.3.7.4}% 75
\BOOKMARK [3][-]{subsubsection.3.7.4.5}{\376\377\0003\000.\0007\000.\0004\000.\0005\000\040\000i\000m\000a\000g\000e\000S\000i\000z\000e}{subsection.3.7.4}% 76
\BOOKMARK [3][-]{subsubsection.3.7.4.6}{\376\377\0003\000.\0007\000.\0004\000.\0006\000\040\000m\000y\000P\000a\000l\000e\000t\000t\000e}{subsection.3.7.4}% 77
\BOOKMARK [3][-]{subsubsection.3.7.4.7}{\376\377\0003\000.\0007\000.\0004\000.\0007\000\040\000t\000i\000t\000r\000e}{subsection.3.7.4}% 78
\BOOKMARK [1][-]{section.3.8}{\376\377\0003\000.\0008\000\040\000m\000y\000O\000p\000t\000i\000o\000n\000s\000\040\000C\000l\000a\000s\000s\000\040\000R\000e\000f\000e\000r\000e\000n\000c\000e}{chapter.3}% 79
\BOOKMARK [2][-]{subsection.3.8.1}{\376\377\0003\000.\0008\000.\0001\000\040\000D\000e\000t\000a\000i\000l\000e\000d\000\040\000D\000e\000s\000c\000r\000i\000p\000t\000i\000o\000n}{section.3.8}% 80
\BOOKMARK [2][-]{subsection.3.8.2}{\376\377\0003\000.\0008\000.\0002\000\040\000C\000o\000n\000s\000t\000r\000u\000c\000t\000o\000r\000\040\000\046\000\040\000D\000e\000s\000t\000r\000u\000c\000t\000o\000r\000\040\000D\000o\000c\000u\000m\000e\000n\000t\000a\000t\000i\000o\000n}{section.3.8}% 81
\BOOKMARK [3][-]{subsubsection.3.8.2.1}{\376\377\0003\000.\0008\000.\0002\000.\0001\000\040\000m\000y\000O\000p\000t\000i\000o\000n\000s\000\050\000\051}{subsection.3.8.2}% 82
\BOOKMARK [2][-]{subsection.3.8.3}{\376\377\0003\000.\0008\000.\0003\000\040\000M\000e\000m\000b\000e\000r\000\040\000F\000u\000n\000c\000t\000i\000o\000n\000\040\000D\000o\000c\000u\000m\000e\000n\000t\000a\000t\000i\000o\000n}{section.3.8}% 83
\BOOKMARK [3][-]{subsubsection.3.8.3.1}{\376\377\0003\000.\0008\000.\0003\000.\0001\000\040\000g\000e\000t\000A\000p\000i\000K\000e\000y\000H\000e\000a\000d\000e\000r\000\050\000\051}{subsection.3.8.3}% 84
\BOOKMARK [3][-]{subsubsection.3.8.3.2}{\376\377\0003\000.\0008\000.\0003\000.\0002\000\040\000g\000e\000t\000D\000a\000t\000a\000P\000a\000t\000h\000N\000a\000m\000e\000\050\000\051}{subsection.3.8.3}% 85
\BOOKMARK [3][-]{subsubsection.3.8.3.3}{\376\377\0003\000.\0008\000.\0003\000.\0003\000\040\000g\000e\000t\000F\000i\000l\000e\000s\000O\000w\000n\000e\000r\000\050\000\051}{subsection.3.8.3}% 86
\BOOKMARK [3][-]{subsubsection.3.8.3.4}{\376\377\0003\000.\0008\000.\0003\000.\0004\000\040\000g\000e\000t\000F\000u\000l\000l\000C\000u\000r\000v\000e\000C\000h\000a\000r\000t\000F\000i\000l\000e\000N\000a\000m\000e\000\050\000\051}{subsection.3.8.3}% 87
\BOOKMARK [3][-]{subsubsection.3.8.3.5}{\376\377\0003\000.\0008\000.\0003\000.\0005\000\040\000g\000e\000t\000F\000u\000l\000l\000D\000a\000t\000a\000F\000i\000l\000e\000N\000a\000m\000e\000\050\000\051}{subsection.3.8.3}% 88
\BOOKMARK [3][-]{subsubsection.3.8.3.6}{\376\377\0003\000.\0008\000.\0003\000.\0006\000\040\000g\000e\000t\000F\000u\000l\000l\000H\000i\000s\000t\000o\000C\000h\000a\000r\000t\000F\000i\000l\000e\000N\000a\000m\000e\000\050\000\051}{subsection.3.8.3}% 89
\BOOKMARK [3][-]{subsubsection.3.8.3.7}{\376\377\0003\000.\0008\000.\0003\000.\0007\000\040\000g\000e\000t\000F\000u\000l\000l\000L\000o\000g\000F\000i\000l\000e\000N\000a\000m\000e\000\050\000\051}{subsection.3.8.3}% 90
\BOOKMARK [3][-]{subsubsection.3.8.3.8}{\376\377\0003\000.\0008\000.\0003\000.\0008\000\040\000g\000e\000t\000F\000u\000l\000l\000P\000i\000e\000C\000h\000a\000r\000t\000F\000i\000l\000e\000N\000a\000m\000e\000\050\000\051}{subsection.3.8.3}% 91
\BOOKMARK [3][-]{subsubsection.3.8.3.9}{\376\377\0003\000.\0008\000.\0003\000.\0009\000\040\000g\000e\000t\000F\000u\000l\000l\000U\000r\000l\000\050\000\051}{subsection.3.8.3}% 92
\BOOKMARK [3][-]{subsubsection.3.8.3.10}{\376\377\0003\000.\0008\000.\0003\000.\0001\0000\000\040\000i\000s\000D\000i\000s\000p\000l\000a\000y\000\050\000\051}{subsection.3.8.3}% 93
\BOOKMARK [3][-]{subsubsection.3.8.3.11}{\376\377\0003\000.\0008\000.\0003\000.\0001\0001\000\040\000r\000e\000a\000d\000F\000r\000o\000m\000F\000i\000l\000e\000\050\000\051}{subsection.3.8.3}% 94
\BOOKMARK [2][-]{subsection.3.8.4}{\376\377\0003\000.\0008\000.\0004\000\040\000M\000e\000m\000b\000e\000r\000\040\000D\000a\000t\000a\000\040\000D\000o\000c\000u\000m\000e\000n\000t\000a\000t\000i\000o\000n}{section.3.8}% 95
\BOOKMARK [3][-]{subsubsection.3.8.4.1}{\376\377\0003\000.\0008\000.\0004\000.\0001\000\040\000o\000p\000t\000i\000o\000n\000s}{subsection.3.8.4}% 96
\BOOKMARK [1][-]{section.3.9}{\376\377\0003\000.\0009\000\040\000m\000y\000P\000a\000r\000s\000i\000n\000g\000\040\000C\000l\000a\000s\000s\000\040\000R\000e\000f\000e\000r\000e\000n\000c\000e}{chapter.3}% 97
\BOOKMARK [2][-]{subsection.3.9.1}{\376\377\0003\000.\0009\000.\0001\000\040\000D\000e\000t\000a\000i\000l\000e\000d\000\040\000D\000e\000s\000c\000r\000i\000p\000t\000i\000o\000n}{section.3.9}% 98
\BOOKMARK [2][-]{subsection.3.9.2}{\376\377\0003\000.\0009\000.\0002\000\040\000C\000o\000n\000s\000t\000r\000u\000c\000t\000o\000r\000\040\000\046\000\040\000D\000e\000s\000t\000r\000u\000c\000t\000o\000r\000\040\000D\000o\000c\000u\000m\000e\000n\000t\000a\000t\000i\000o\000n}{section.3.9}% 99
\BOOKMARK [3][-]{subsubsection.3.9.2.1}{\376\377\0003\000.\0009\000.\0002\000.\0001\000\040\000m\000y\000P\000a\000r\000s\000i\000n\000g\000\050\000\051}{subsection.3.9.2}% 100
\BOOKMARK [2][-]{subsection.3.9.3}{\376\377\0003\000.\0009\000.\0003\000\040\000M\000e\000m\000b\000e\000r\000\040\000F\000u\000n\000c\000t\000i\000o\000n\000\040\000D\000o\000c\000u\000m\000e\000n\000t\000a\000t\000i\000o\000n}{section.3.9}% 101
\BOOKMARK [3][-]{subsubsection.3.9.3.1}{\376\377\0003\000.\0009\000.\0003\000.\0001\000\040\000a\000p\000p\000e\000n\000d\000F\000i\000l\000e\000T\000o\000D\000a\000t\000a\000s\000\050\000\051}{subsection.3.9.3}% 102
\BOOKMARK [3][-]{subsubsection.3.9.3.2}{\376\377\0003\000.\0009\000.\0003\000.\0002\000\040\000a\000p\000p\000e\000n\000d\000T\000o\000D\000a\000t\000a\000s\000\050\000\051}{subsection.3.9.3}% 103
\BOOKMARK [3][-]{subsubsection.3.9.3.3}{\376\377\0003\000.\0009\000.\0003\000.\0003\000\040\000f\000r\000o\000m\000C\000h\000a\000r\000\050\000\051}{subsection.3.9.3}% 104
\BOOKMARK [3][-]{subsubsection.3.9.3.4}{\376\377\0003\000.\0009\000.\0003\000.\0004\000\040\000f\000r\000o\000m\000D\000a\000t\000a\000s\000F\000i\000l\000e\000\050\000\051}{subsection.3.9.3}% 105
\BOOKMARK [3][-]{subsubsection.3.9.3.5}{\376\377\0003\000.\0009\000.\0003\000.\0005\000\040\000f\000r\000o\000m\000F\000i\000l\000e\000\050\000\051}{subsection.3.9.3}% 106
\BOOKMARK [3][-]{subsubsection.3.9.3.6}{\376\377\0003\000.\0009\000.\0003\000.\0006\000\040\000g\000e\000t\000M\000y\000J\000s\000o\000n\000\050\000\051}{subsection.3.9.3}% 107
\BOOKMARK [3][-]{subsubsection.3.9.3.7}{\376\377\0003\000.\0009\000.\0003\000.\0007\000\040\000s\000e\000t\000M\000y\000J\000s\000o\000n\000\050\000\051}{subsection.3.9.3}% 108
\BOOKMARK [3][-]{subsubsection.3.9.3.8}{\376\377\0003\000.\0009\000.\0003\000.\0008\000\040\000t\000o\000F\000i\000l\000e\000\050\000\051}{subsection.3.9.3}% 109
\BOOKMARK [3][-]{subsubsection.3.9.3.9}{\376\377\0003\000.\0009\000.\0003\000.\0009\000\040\000t\000o\000S\000t\000r\000i\000n\000g\000\050\000\051}{subsection.3.9.3}% 110
\BOOKMARK [2][-]{subsection.3.9.4}{\376\377\0003\000.\0009\000.\0004\000\040\000M\000e\000m\000b\000e\000r\000\040\000D\000a\000t\000a\000\040\000D\000o\000c\000u\000m\000e\000n\000t\000a\000t\000i\000o\000n}{section.3.9}% 111
\BOOKMARK [3][-]{subsubsection.3.9.4.1}{\376\377\0003\000.\0009\000.\0004\000.\0001\000\040\000m\000y\000J\000s\000o\000n}{subsection.3.9.4}% 112
\BOOKMARK [1][-]{section.3.10}{\376\377\0003\000.\0001\0000\000\040\000m\000y\000R\000e\000g\000e\000x\000\040\000C\000l\000a\000s\000s\000\040\000R\000e\000f\000e\000r\000e\000n\000c\000e}{chapter.3}% 113
\BOOKMARK [2][-]{subsection.3.10.1}{\376\377\0003\000.\0001\0000\000.\0001\000\040\000D\000e\000t\000a\000i\000l\000e\000d\000\040\000D\000e\000s\000c\000r\000i\000p\000t\000i\000o\000n}{section.3.10}% 114
\BOOKMARK [2][-]{subsection.3.10.2}{\376\377\0003\000.\0001\0000\000.\0002\000\040\000C\000o\000n\000s\000t\000r\000u\000c\000t\000o\000r\000\040\000\046\000\040\000D\000e\000s\000t\000r\000u\000c\000t\000o\000r\000\040\000D\000o\000c\000u\000m\000e\000n\000t\000a\000t\000i\000o\000n}{section.3.10}% 115
\BOOKMARK [3][-]{subsubsection.3.10.2.1}{\376\377\0003\000.\0001\0000\000.\0002\000.\0001\000\040\000m\000y\000R\000e\000g\000e\000x\000\050\000\051}{subsection.3.10.2}% 116
\BOOKMARK [2][-]{subsection.3.10.3}{\376\377\0003\000.\0001\0000\000.\0003\000\040\000M\000e\000m\000b\000e\000r\000\040\000F\000u\000n\000c\000t\000i\000o\000n\000\040\000D\000o\000c\000u\000m\000e\000n\000t\000a\000t\000i\000o\000n}{section.3.10}% 117
\BOOKMARK [3][-]{subsubsection.3.10.3.1}{\376\377\0003\000.\0001\0000\000.\0003\000.\0001\000\040\000a\000m\000b\000e\000e\000D\000a\000t\000a\000G\000e\000t\000D\000a\000t\000e\000T\000i\000m\000e\000\050\000\051}{subsection.3.10.3}% 118
\BOOKMARK [3][-]{subsubsection.3.10.3.2}{\376\377\0003\000.\0001\0000\000.\0003\000.\0002\000\040\000t\000o\000F\000o\000r\000m\000a\000t\000D\000D\000M\000M\000Y\000Y\000\050\000\051}{subsection.3.10.3}% 119
\BOOKMARK [3][-]{subsubsection.3.10.3.3}{\376\377\0003\000.\0001\0000\000.\0003\000.\0003\000\040\000t\000o\000F\000o\000r\000m\000a\000t\000D\000D\000M\000M\000Y\000Y\000H\000H\000M\000M\000\050\000\051}{subsection.3.10.3}% 120
\BOOKMARK [3][-]{subsubsection.3.10.3.4}{\376\377\0003\000.\0001\0000\000.\0003\000.\0004\000\040\000t\000o\000F\000o\000r\000m\000a\000t\000H\000H\000M\000M\000\050\000\051}{subsection.3.10.3}% 121
\BOOKMARK [1][-]{section.3.11}{\376\377\0003\000.\0001\0001\000\040\000u\000p\000d\000a\000t\000e\000d\000A\000t\000\040\000S\000t\000r\000u\000c\000t\000\040\000R\000e\000f\000e\000r\000e\000n\000c\000e}{chapter.3}% 122
\BOOKMARK [2][-]{subsection.3.11.1}{\376\377\0003\000.\0001\0001\000.\0001\000\040\000M\000e\000m\000b\000e\000r\000\040\000D\000a\000t\000a\000\040\000D\000o\000c\000u\000m\000e\000n\000t\000a\000t\000i\000o\000n}{section.3.11}% 123
\BOOKMARK [3][-]{subsubsection.3.11.1.1}{\376\377\0003\000.\0001\0001\000.\0001\000.\0001\000\040\000d\000a\000y}{subsection.3.11.1}% 124
\BOOKMARK [3][-]{subsubsection.3.11.1.2}{\376\377\0003\000.\0001\0001\000.\0001\000.\0002\000\040\000h\000o\000u\000r}{subsection.3.11.1}% 125
\BOOKMARK [3][-]{subsubsection.3.11.1.3}{\376\377\0003\000.\0001\0001\000.\0001\000.\0003\000\040\000m\000i\000n\000u\000t\000e}{subsection.3.11.1}% 126
\BOOKMARK [3][-]{subsubsection.3.11.1.4}{\376\377\0003\000.\0001\0001\000.\0001\000.\0004\000\040\000m\000o\000n\000t\000h}{subsection.3.11.1}% 127
\BOOKMARK [3][-]{subsubsection.3.11.1.5}{\376\377\0003\000.\0001\0001\000.\0001\000.\0005\000\040\000s\000e\000c\000o\000n\000d}{subsection.3.11.1}% 128
\BOOKMARK [3][-]{subsubsection.3.11.1.6}{\376\377\0003\000.\0001\0001\000.\0001\000.\0006\000\040\000y\000e\000a\000r}{subsection.3.11.1}% 129
\BOOKMARK [0][-]{chapter.4}{\376\377\0004\000\040\000F\000i\000l\000e\000\040\000D\000o\000c\000u\000m\000e\000n\000t\000a\000t\000i\000o\000n}{}% 130
\BOOKMARK [1][-]{section.4.1}{\376\377\0004\000.\0001\000\040\000/\000h\000o\000m\000e\000/\000s\000y\000l\000v\000a\000i\000n\000/\000D\000o\000c\000u\000m\000e\000n\000t\000s\000/\000T\000r\000a\000v\000a\000i\000l\000/\000a\000j\000c\000-\000a\000k\000k\000o\000d\000i\000s\000/\000f\000o\000r\000m\000a\000t\000i\000o\000n\000/\000L\000i\000n\000u\000x\000E\000m\000b\000a\000r\000q\000u\000e\000/\000P\000r\000o\000j\000e\000t\000/\000d\000e\000v\000e\000l\000/\000A\000I\000r\000Q\000u\000a\000l\000i\000t\000y\000W\000A\000t\000c\000h\000/\000m\000a\000i\000n\000.\000c\000p\000p\000\040\000F\000i\000l\000e\000\040\000R\000e\000f\000e\000r\000e\000n\000c\000e}{chapter.4}% 131
\BOOKMARK [2][-]{subsection.4.1.1}{\376\377\0004\000.\0001\000.\0001\000\040\000F\000u\000n\000c\000t\000i\000o\000n\000\040\000D\000o\000c\000u\000m\000e\000n\000t\000a\000t\000i\000o\000n}{section.4.1}% 132
\BOOKMARK [3][-]{subsubsection.4.1.1.1}{\376\377\0004\000.\0001\000.\0001\000.\0001\000\040\000d\000o\000w\000n\000l\000o\000a\000d\000D\000a\000t\000a\000s\000\050\000\051}{subsection.4.1.1}% 133
\BOOKMARK [3][-]{subsubsection.4.1.1.2}{\376\377\0004\000.\0001\000.\0001\000.\0002\000\040\000m\000a\000i\000n\000\050\000\051}{subsection.4.1.1}% 134
\BOOKMARK [1][-]{section.4.2}{\376\377\0004\000.\0002\000\040\000/\000h\000o\000m\000e\000/\000s\000y\000l\000v\000a\000i\000n\000/\000D\000o\000c\000u\000m\000e\000n\000t\000s\000/\000T\000r\000a\000v\000a\000i\000l\000/\000a\000j\000c\000-\000a\000k\000k\000o\000d\000i\000s\000/\000f\000o\000r\000m\000a\000t\000i\000o\000n\000/\000L\000i\000n\000u\000x\000E\000m\000b\000a\000r\000q\000u\000e\000/\000P\000r\000o\000j\000e\000t\000/\000d\000e\000v\000e\000l\000/\000A\000I\000r\000Q\000u\000a\000l\000i\000t\000y\000W\000A\000t\000c\000h\000/\000m\000y\000c\000u\000r\000l\000.\000c\000p\000p\000\040\000F\000i\000l\000e\000\040\000R\000e\000f\000e\000r\000e\000n\000c\000e}{chapter.4}% 135
\BOOKMARK [1][-]{section.4.3}{\376\377\0004\000.\0003\000\040\000/\000h\000o\000m\000e\000/\000s\000y\000l\000v\000a\000i\000n\000/\000D\000o\000c\000u\000m\000e\000n\000t\000s\000/\000T\000r\000a\000v\000a\000i\000l\000/\000a\000j\000c\000-\000a\000k\000k\000o\000d\000i\000s\000/\000f\000o\000r\000m\000a\000t\000i\000o\000n\000/\000L\000i\000n\000u\000x\000E\000m\000b\000a\000r\000q\000u\000e\000/\000P\000r\000o\000j\000e\000t\000/\000d\000e\000v\000e\000l\000/\000A\000I\000r\000Q\000u\000a\000l\000i\000t\000y\000W\000A\000t\000c\000h\000/\000m\000y\000c\000u\000r\000l\000.\000h\000\040\000F\000i\000l\000e\000\040\000R\000e\000f\000e\000r\000e\000n\000c\000e}{chapter.4}% 136
\BOOKMARK [1][-]{section.4.4}{\376\377\0004\000.\0004\000\040\000/\000h\000o\000m\000e\000/\000s\000y\000l\000v\000a\000i\000n\000/\000D\000o\000c\000u\000m\000e\000n\000t\000s\000/\000T\000r\000a\000v\000a\000i\000l\000/\000a\000j\000c\000-\000a\000k\000k\000o\000d\000i\000s\000/\000f\000o\000r\000m\000a\000t\000i\000o\000n\000/\000L\000i\000n\000u\000x\000E\000m\000b\000a\000r\000q\000u\000e\000/\000P\000r\000o\000j\000e\000t\000/\000d\000e\000v\000e\000l\000/\000A\000I\000r\000Q\000u\000a\000l\000i\000t\000y\000W\000A\000t\000c\000h\000/\000m\000y\000g\000r\000a\000p\000h\000i\000c\000s\000.\000c\000p\000p\000\040\000F\000i\000l\000e\000\040\000R\000e\000f\000e\000r\000e\000n\000c\000e}{chapter.4}% 137
\BOOKMARK [1][-]{section.4.5}{\376\377\0004\000.\0005\000\040\000/\000h\000o\000m\000e\000/\000s\000y\000l\000v\000a\000i\000n\000/\000D\000o\000c\000u\000m\000e\000n\000t\000s\000/\000T\000r\000a\000v\000a\000i\000l\000/\000a\000j\000c\000-\000a\000k\000k\000o\000d\000i\000s\000/\000f\000o\000r\000m\000a\000t\000i\000o\000n\000/\000L\000i\000n\000u\000x\000E\000m\000b\000a\000r\000q\000u\000e\000/\000P\000r\000o\000j\000e\000t\000/\000d\000e\000v\000e\000l\000/\000A\000I\000r\000Q\000u\000a\000l\000i\000t\000y\000W\000A\000t\000c\000h\000/\000m\000y\000g\000r\000a\000p\000h\000i\000c\000s\000.\000h\000\040\000F\000i\000l\000e\000\040\000R\000e\000f\000e\000r\000e\000n\000c\000e}{chapter.4}% 138
\BOOKMARK [1][-]{section.4.6}{\376\377\0004\000.\0006\000\040\000/\000h\000o\000m\000e\000/\000s\000y\000l\000v\000a\000i\000n\000/\000D\000o\000c\000u\000m\000e\000n\000t\000s\000/\000T\000r\000a\000v\000a\000i\000l\000/\000a\000j\000c\000-\000a\000k\000k\000o\000d\000i\000s\000/\000f\000o\000r\000m\000a\000t\000i\000o\000n\000/\000L\000i\000n\000u\000x\000E\000m\000b\000a\000r\000q\000u\000e\000/\000P\000r\000o\000j\000e\000t\000/\000d\000e\000v\000e\000l\000/\000A\000I\000r\000Q\000u\000a\000l\000i\000t\000y\000W\000A\000t\000c\000h\000/\000m\000y\000o\000p\000t\000i\000o\000n\000s\000.\000c\000p\000p\000\040\000F\000i\000l\000e\000\040\000R\000e\000f\000e\000r\000e\000n\000c\000e}{chapter.4}% 139
\BOOKMARK [1][-]{section.4.7}{\376\377\0004\000.\0007\000\040\000/\000h\000o\000m\000e\000/\000s\000y\000l\000v\000a\000i\000n\000/\000D\000o\000c\000u\000m\000e\000n\000t\000s\000/\000T\000r\000a\000v\000a\000i\000l\000/\000a\000j\000c\000-\000a\000k\000k\000o\000d\000i\000s\000/\000f\000o\000r\000m\000a\000t\000i\000o\000n\000/\000L\000i\000n\000u\000x\000E\000m\000b\000a\000r\000q\000u\000e\000/\000P\000r\000o\000j\000e\000t\000/\000d\000e\000v\000e\000l\000/\000A\000I\000r\000Q\000u\000a\000l\000i\000t\000y\000W\000A\000t\000c\000h\000/\000m\000y\000o\000p\000t\000i\000o\000n\000s\000.\000h\000\040\000F\000i\000l\000e\000\040\000R\000e\000f\000e\000r\000e\000n\000c\000e}{chapter.4}% 140
\BOOKMARK [2][-]{subsection.4.7.1}{\376\377\0004\000.\0007\000.\0001\000\040\000T\000y\000p\000e\000d\000e\000f\000\040\000D\000o\000c\000u\000m\000e\000n\000t\000a\000t\000i\000o\000n}{section.4.7}% 141
\BOOKMARK [3][-]{subsubsection.4.7.1.1}{\376\377\0004\000.\0007\000.\0001\000.\0001\000\040\000j\000s\000o\000n}{subsection.4.7.1}% 142
\BOOKMARK [1][-]{section.4.8}{\376\377\0004\000.\0008\000\040\000/\000h\000o\000m\000e\000/\000s\000y\000l\000v\000a\000i\000n\000/\000D\000o\000c\000u\000m\000e\000n\000t\000s\000/\000T\000r\000a\000v\000a\000i\000l\000/\000a\000j\000c\000-\000a\000k\000k\000o\000d\000i\000s\000/\000f\000o\000r\000m\000a\000t\000i\000o\000n\000/\000L\000i\000n\000u\000x\000E\000m\000b\000a\000r\000q\000u\000e\000/\000P\000r\000o\000j\000e\000t\000/\000d\000e\000v\000e\000l\000/\000A\000I\000r\000Q\000u\000a\000l\000i\000t\000y\000W\000A\000t\000c\000h\000/\000m\000y\000p\000a\000r\000s\000i\000n\000g\000.\000c\000p\000p\000\040\000F\000i\000l\000e\000\040\000R\000e\000f\000e\000r\000e\000n\000c\000e}{chapter.4}% 143
\BOOKMARK [1][-]{section.4.9}{\376\377\0004\000.\0009\000\040\000/\000h\000o\000m\000e\000/\000s\000y\000l\000v\000a\000i\000n\000/\000D\000o\000c\000u\000m\000e\000n\000t\000s\000/\000T\000r\000a\000v\000a\000i\000l\000/\000a\000j\000c\000-\000a\000k\000k\000o\000d\000i\000s\000/\000f\000o\000r\000m\000a\000t\000i\000o\000n\000/\000L\000i\000n\000u\000x\000E\000m\000b\000a\000r\000q\000u\000e\000/\000P\000r\000o\000j\000e\000t\000/\000d\000e\000v\000e\000l\000/\000A\000I\000r\000Q\000u\000a\000l\000i\000t\000y\000W\000A\000t\000c\000h\000/\000m\000y\000p\000a\000r\000s\000i\000n\000g\000.\000h\000\040\000F\000i\000l\000e\000\040\000R\000e\000f\000e\000r\000e\000n\000c\000e}{chapter.4}% 144
\BOOKMARK [2][-]{subsection.4.9.1}{\376\377\0004\000.\0009\000.\0001\000\040\000T\000y\000p\000e\000d\000e\000f\000\040\000D\000o\000c\000u\000m\000e\000n\000t\000a\000t\000i\000o\000n}{section.4.9}% 145
\BOOKMARK [3][-]{subsubsection.4.9.1.1}{\376\377\0004\000.\0009\000.\0001\000.\0001\000\040\000j\000s\000o\000n}{subsection.4.9.1}% 146
\BOOKMARK [1][-]{section.4.10}{\376\377\0004\000.\0001\0000\000\040\000/\000h\000o\000m\000e\000/\000s\000y\000l\000v\000a\000i\000n\000/\000D\000o\000c\000u\000m\000e\000n\000t\000s\000/\000T\000r\000a\000v\000a\000i\000l\000/\000a\000j\000c\000-\000a\000k\000k\000o\000d\000i\000s\000/\000f\000o\000r\000m\000a\000t\000i\000o\000n\000/\000L\000i\000n\000u\000x\000E\000m\000b\000a\000r\000q\000u\000e\000/\000P\000r\000o\000j\000e\000t\000/\000d\000e\000v\000e\000l\000/\000A\000I\000r\000Q\000u\000a\000l\000i\000t\000y\000W\000A\000t\000c\000h\000/\000m\000y\000r\000e\000g\000e\000x\000.\000c\000p\000p\000\040\000F\000i\000l\000e\000\040\000R\000e\000f\000e\000r\000e\000n\000c\000e}{chapter.4}% 147
\BOOKMARK [1][-]{section.4.11}{\376\377\0004\000.\0001\0001\000\040\000/\000h\000o\000m\000e\000/\000s\000y\000l\000v\000a\000i\000n\000/\000D\000o\000c\000u\000m\000e\000n\000t\000s\000/\000T\000r\000a\000v\000a\000i\000l\000/\000a\000j\000c\000-\000a\000k\000k\000o\000d\000i\000s\000/\000f\000o\000r\000m\000a\000t\000i\000o\000n\000/\000L\000i\000n\000u\000x\000E\000m\000b\000a\000r\000q\000u\000e\000/\000P\000r\000o\000j\000e\000t\000/\000d\000e\000v\000e\000l\000/\000A\000I\000r\000Q\000u\000a\000l\000i\000t\000y\000W\000A\000t\000c\000h\000/\000m\000y\000r\000e\000g\000e\000x\000.\000h\000\040\000F\000i\000l\000e\000\040\000R\000e\000f\000e\000r\000e\000n\000c\000e}{chapter.4}% 148
\BOOKMARK [0][-]{section*.44}{\376\377\000I\000n\000d\000e\000x}{}% 149
